<?xml version="1.0" encoding="UTF-8"?>
<testsuite name="org.epnoi.plecko.UserRepositoryTest" time="0.006" tests="1" errors="0" skipped="0" failures="1">
  <properties>
[...]
</properties>
  <testcase name="testGraph" classname="org.epnoi.plecko.UserRepositoryTest" time="0.006">
    <failure message="&#10;Expected: iterable containing [&lt;[a]&gt;]&#10;     but: item 0: was &quot;a&quot;" type="java.lang.AssertionError"><![CDATA[java.lang.AssertionError: 
Expected: iterable containing [<[a]>]
     but: item 0: was "a"
	at org.hamcrest.MatcherAssert.assertThat(MatcherAssert.java:20)
	at org.hamcrest.MatcherAssert.assertThat(MatcherAssert.java:8)
	at org.epnoi.plecko.UserRepositoryTest.testGraph(UserRepositoryTest.java:50)
]]></failure>
    <system-out><![CDATA[2016-09-23 01:25:02.943  INFO 922 --- [           main] o.s.t.c.support.AbstractContextLoader    : Could not detect default resource locations for test class [org.epnoi.plecko.UserRepositoryTest]: no resource found for suffixes {-context.xml, Context.groovy}.
2016-09-23 01:25:02.944  INFO 922 --- [           main] o.s.t.c.s.DefaultTestContextBootstrapper : Loaded default TestExecutionListener class names from location [META-INF/spring.factories]: [org.springframework.test.context.web.ServletTestExecutionListener, org.springframework.test.context.support.DirtiesContextBeforeModesTestExecutionListener, org.springframework.test.context.support.DependencyInjectionTestExecutionListener, org.springframework.test.context.support.DirtiesContextTestExecutionListener, org.springframework.test.context.transaction.TransactionalTestExecutionListener, org.springframework.test.context.jdbc.SqlScriptsTestExecutionListener]
2016-09-23 01:25:02.945  INFO 922 --- [           main] o.s.t.c.s.DefaultTestContextBootstrapper : Using TestExecutionListeners: [org.springframework.test.context.web.ServletTestExecutionListener@472b0093, org.springframework.test.context.support.DirtiesContextBeforeModesTestExecutionListener@31953b62, org.springframework.test.context.support.DependencyInjectionTestExecutionListener@501e5359, org.springframework.test.context.support.DirtiesContextTestExecutionListener@7aef4fed, org.springframework.test.context.transaction.TransactionalTestExecutionListener@65dfe7bb, org.springframework.test.context.jdbc.SqlScriptsTestExecutionListener@7d899e49]

  .   ____          _            __ _ _
 /\\ / ___'_ __ _ _(_)_ __  __ _ \ \ \ \
( ( )\___ | '_ | '_| | '_ \/ _` | \ \ \ \
 \\/  ___)| |_)| | | | | || (_| |  ) ) ) )
  '  |____| .__|_| |_|_| |_\__, | / / / /
 =========|_|==============|___/=/_/_/_/
 :: Spring Boot ::        (v1.3.1.RELEASE)

2016-09-23 01:25:02.972  INFO 922 --- [           main] org.epnoi.plecko.UserRepositoryTest      : Starting UserRepositoryTest on epnoi with PID 922 (/opt/epnoi/plecko/target/test-classes started by fitash in /opt/epnoi/plecko)
2016-09-23 01:25:02.972  INFO 922 --- [           main] org.epnoi.plecko.UserRepositoryTest      : No active profile set, falling back to default profiles: default
2016-09-23 01:25:02.974  INFO 922 --- [           main] s.c.a.AnnotationConfigApplicationContext : Refreshing org.springframework.context.annotation.AnnotationConfigApplicationContext@45771c0: startup date [Fri Sep 23 01:25:02 CEST 2016]; root of context hierarchy
--------> org.epnoi.plecko.domain.modules.AggregationsCreatorImpl@24454c89
2016-09-23 01:25:03.232  INFO 922 --- [           main] org.elasticsearch.node                   : [Black Dragon] version[1.5.2], pid[922], build[62ff986/2015-04-27T09:21:06Z]
2016-09-23 01:25:03.232  INFO 922 --- [           main] org.elasticsearch.node                   : [Black Dragon] initializing ...
2016-09-23 01:25:03.232  INFO 922 --- [           main] org.elasticsearch.plugins                : [Black Dragon] loaded [], sites []
2016-09-23 01:25:03.284  INFO 922 --- [           main] org.elasticsearch.node                   : [Black Dragon] initialized
2016-09-23 01:25:03.284  INFO 922 --- [           main] org.elasticsearch.node                   : [Black Dragon] starting ...
2016-09-23 01:25:03.285  INFO 922 --- [           main] org.elasticsearch.transport              : [Black Dragon] bound_address {local[2]}, publish_address {local[2]}
2016-09-23 01:25:03.286  INFO 922 --- [           main] org.elasticsearch.discovery              : [Black Dragon] elasticsearch/wHJ3y7CDTq2T2ON8_nj8Pw
2016-09-23 01:25:03.286  INFO 922 --- [pdateTask][T#1]] org.elasticsearch.cluster.service        : [Bres] added {[Black Dragon][wHJ3y7CDTq2T2ON8_nj8Pw][epnoi][local[2]]{local=true},}, reason: local-disco-receive(from node[[Black Dragon][wHJ3y7CDTq2T2ON8_nj8Pw][epnoi][local[2]]{local=true}])
2016-09-23 01:25:03.289  INFO 922 --- [pdateTask][T#1]] org.elasticsearch.cluster.service        : [Black Dragon] master {new [Bres][zAZAERERTEqK9UjD1J-dxQ][epnoi][local[1]]{local=true}}, removed {[Black Dragon][MuPFZoQHQvqunJK1f6T3iA][epnoi][local[2]]{local=true},}, added {[Bres][zAZAERERTEqK9UjD1J-dxQ][epnoi][local[1]]{local=true},}, reason: local-disco-receive(from master)
2016-09-23 01:25:03.302  INFO 922 --- [           main] org.elasticsearch.node                   : [Black Dragon] started
2016-09-23 01:25:03.424  INFO 922 --- [           main] org.epnoi.plecko.UserRepositoryTest      : Started UserRepositoryTest in 0.476 seconds (JVM running for 6.911)
]]></system-out>
  </testcase>
</testsuite>